(base) kyu@kyu-Satellite-C55-C:~/Desktop/TYCS/self-study$ cat screen.log
Script started on 2021-01-28 18:24:57-06:00 [TERM="xterm-256color" TTY="/dev/pts/0" COLUMNS="80" LINES="24"]
(base) kyu@kyu-Satellite-C55-C:~/Desktop/TYCS$ a
a: command not found
(base) kyu@kyu-Satellite-C55-C:~/Desktop/TYCS$ b
b: command not found
(base) kyu@kyu-Satellite-C55-C:~/Desktop/TYCS$ c
c: command not found
(base) kyu@kyu-Satellite-C55-C:~/Desktop/TYCS$ racket
Welcome to Racket v7.2.
> pi
3.141592653589793
> square
; square: undefined;
;  cannot reference an identifier before its definition
;   in module: top-level
; [,bt for context]
> (define (square x)
  (* x x))
> square ( + 2 3 )
#<procedure:square>
5
> (square ( + 2 3 ))
25
> ^D
(base) kyu@kyu-Satellite-C55-C:~/Desktop/TYCS$ exit
exit

Script done on 2021-01-28 18:25:56-06:00 [COMMAND_EXIT_CODE="0"]

